<?xml version="1.0" encoding="UTF-8"?>
<testng-results ignored="0" total="1" passed="1" failed="0" skipped="0">
  <reporter-output>
  </reporter-output>
  <suite started-at="2020-06-09T19:41:35 IST" name="Surefire suite" finished-at="2020-06-09T19:43:41 IST" duration-ms="125938">
    <groups>
    </groups>
    <test started-at="2020-06-09T19:41:35 IST" name="Surefire test" finished-at="2020-06-09T19:43:41 IST" duration-ms="125938">
      <class name="com.Cognizant.TestClass.FurnitureTest">
        <test-method signature="UrbanLadderTest()[pri:0, instance:com.Cognizant.TestClass.FurnitureTest@50a638b5]" started-at="2020-06-09T19:41:35 IST" name="UrbanLadderTest" finished-at="2020-06-09T19:43:37 IST" duration-ms="122409" status="PASS">
          <reporter-output>
          </reporter-output>
        </test-method> <!-- UrbanLadderTest -->
        <test-method is-config="true" signature="endReport()[pri:0, instance:com.Cognizant.TestClass.FurnitureTest@50a638b5]" started-at="2020-06-09T19:43:37 IST" name="endReport" finished-at="2020-06-09T19:43:41 IST" duration-ms="3362" status="PASS">
          <reporter-output>
          </reporter-output>
        </test-method> <!-- endReport -->
      </class> <!-- com.Cognizant.TestClass.FurnitureTest -->
    </test> <!-- Surefire test -->
  </suite> <!-- Surefire suite -->
</testng-results>
