<?xml version="1.0" encoding="UTF-8"?>
<testng-results ignored="0" total="1" passed="1" failed="0" skipped="0">
  <reporter-output>
  </reporter-output>
  <suite started-at="2020-06-05T15:37:33 IST" name="Default suite" finished-at="2020-06-05T15:39:05 IST" duration-ms="91963">
    <groups>
    </groups>
    <test started-at="2020-06-05T15:37:33 IST" name="Default test" finished-at="2020-06-05T15:39:05 IST" duration-ms="91963">
      <class name="com.Cognizant.TestClass.FurnitureTest">
        <test-method signature="UrbanLadderTest()[pri:0, instance:com.Cognizant.TestClass.FurnitureTest@3d34d211]" started-at="2020-06-05T15:37:33 IST" name="UrbanLadderTest" finished-at="2020-06-05T15:39:03 IST" duration-ms="90325" status="PASS">
          <reporter-output>
          </reporter-output>
        </test-method> <!-- UrbanLadderTest -->
        <test-method is-config="true" signature="endReport()[pri:0, instance:com.Cognizant.TestClass.FurnitureTest@3d34d211]" started-at="2020-06-05T15:39:03 IST" name="endReport" finished-at="2020-06-05T15:39:05 IST" duration-ms="1543" status="PASS">
          <reporter-output>
          </reporter-output>
        </test-method> <!-- endReport -->
      </class> <!-- com.Cognizant.TestClass.FurnitureTest -->
    </test> <!-- Default test -->
  </suite> <!-- Default suite -->
</testng-results>
